# JRE version: OpenJDK Runtime Environment Temurin-21.0.8+9 (21.0.8+9) (build 21.0.8+9-LTS)
# Java VM: OpenJDK 64-Bit Server VM Temurin-21.0.8+9 (21.0.8+9-LTS, mixed mode, sharing, tiered, compressed oops, compressed class ptrs, parallel gc, windows-amd64)
GC Precious Log:
 CardTable entry size: 512
 CPUs: 12 total, 12 available
 Memory: 5996M
 Large Page Support: Disabled
 NUMA Support: Disabled
 Compressed Oops: Enabled (32-bit)
 Alignments: Space 512K, Generation 512K, Heap 2M
 Heap Min Capacity: 100M
 Heap Initial Capacity: 100M
 Heap Max Capacity: 2G
 Pre-touch: Disabled
 Parallel Workers: 10
Heap:
 PSYoungGen      total 13824K, used 9091K [0x00000000d5580000, 0x00000000d6700000, 0x0000000100000000)
  eden space 13312K, 64% used [0x00000000d5580000,0x00000000d5df0f10,0x00000000d6280000)
  from space 512K, 87% used [0x00000000d6680000,0x00000000d66f0000,0x00000000d6700000)
  to   space 1024K, 0% used [0x00000000d6500000,0x00000000d6500000,0x00000000d6600000)
 ParOldGen       total 483840K, used 475011K [0x0000000080000000, 0x000000009d880000, 0x00000000d5580000)
  object space 483840K, 98% used [0x0000000080000000,0x000000009cfe0e70,0x000000009d880000)
 Metaspace       used 82140K, committed 83776K, reserved 1179648K
  class space    used 8779K, committed 9536K, reserved 1048576K
GC Heap History (20 events):
Event: 2384.928 GC heap before
{Heap before GC invocations=424 (full 3):
 PSYoungGen      total 5120K, used 4672K [0x00000000d5580000, 0x00000000d5d80000, 0x0000000100000000)
  eden space 3072K, 100% used [0x00000000d5580000,0x00000000d5880000,0x00000000d5880000)
  from space 2048K, 78% used [0x00000000d5b80000,0x00000000d5d10000,0x00000000d5d80000)
  to   space 2048K, 0% used [0x00000000d5980000,0x00000000d5980000,0x00000000d5b80000)
 ParOldGen       total 472064K, used 421576K [0x0000000080000000, 0x000000009cd00000, 0x00000000d5580000)
  object space 472064K, 89% used [0x0000000080000000,0x0000000099bb23a0,0x000000009cd00000)
 Metaspace       used 81216K, committed 82880K, reserved 1179648K
  class space    used 8691K, committed 9408K, reserved 1048576K
}
Event: 2384.946 GC heap after
{Heap after GC invocations=424 (full 3):
 PSYoungGen      total 6144K, used 2048K [0x00000000d5580000, 0x00000000d6380000, 0x0000000100000000)
  eden space 4096K, 0% used [0x00000000d5580000,0x00000000d5580000,0x00000000d5980000)
  from space 2048K, 100% used [0x00000000d5980000,0x00000000d5b80000,0x00000000d5b80000)
  to   space 5120K, 0% used [0x00000000d5e80000,0x00000000d5e80000,0x00000000d6380000)
 ParOldGen       total 472064K, used 423744K [0x0000000080000000, 0x000000009cd00000, 0x00000000d5580000)
  object space 472064K, 89% used [0x0000000080000000,0x0000000099dd03a0,0x000000009cd00000)
 Metaspace       used 81216K, committed 82880K, reserved 1179648K
  class space    used 8691K, committed 9408K, reserved 1048576K
}
Event: 2384.957 GC heap before
{Heap before GC invocations=425 (full 3):
 PSYoungGen      total 6144K, used 6144K [0x00000000d5580000, 0x00000000d6380000, 0x0000000100000000)
  eden space 4096K, 100% used [0x00000000d5580000,0x00000000d5980000,0x00000000d5980000)
  from space 2048K, 100% used [0x00000000d5980000,0x00000000d5b80000,0x00000000d5b80000)
  to   space 5120K, 0% used [0x00000000d5e80000,0x00000000d5e80000,0x00000000d6380000)
 ParOldGen       total 472064K, used 423744K [0x0000000080000000, 0x000000009cd00000, 0x00000000d5580000)
  object space 472064K, 89% used [0x0000000080000000,0x0000000099dd03a0,0x000000009cd00000)
 Metaspace       used 81216K, committed 82880K, reserved 1179648K
  class space    used 8691K, committed 9408K, reserved 1048576K
}
Event: 2384.972 GC heap after
{Heap after GC invocations=425 (full 3):
 PSYoungGen      total 9728K, used 4048K [0x00000000d5580000, 0x00000000d6380000, 0x0000000100000000)
  eden space 4608K, 0% used [0x00000000d5580000,0x00000000d5580000,0x00000000d5a00000)
  from space 5120K, 79% used [0x00000000d5e80000,0x00000000d6274030,0x00000000d6380000)
  to   space 4608K, 0% used [0x00000000d5a00000,0x00000000d5a00000,0x00000000d5e80000)
 ParOldGen       total 472064K, used 425864K [0x0000000080000000, 0x000000009cd00000, 0x00000000d5580000)
  object space 472064K, 90% used [0x0000000080000000,0x0000000099fe23a0,0x000000009cd00000)
 Metaspace       used 81216K, committed 82880K, reserved 1179648K
  class space    used 8691K, committed 9408K, reserved 1048576K
}
Event: 2384.990 GC heap before
{Heap before GC invocations=426 (full 3):
 PSYoungGen      total 9728K, used 8656K [0x00000000d5580000, 0x00000000d6380000, 0x0000000100000000)
  eden space 4608K, 100% used [0x00000000d5580000,0x00000000d5a00000,0x00000000d5a00000)
  from space 5120K, 79% used [0x00000000d5e80000,0x00000000d6274030,0x00000000d6380000)
  to   space 4608K, 0% used [0x00000000d5a00000,0x00000000d5a00000,0x00000000d5e80000)
 ParOldGen       total 472064K, used 425864K [0x0000000080000000, 0x000000009cd00000, 0x00000000d5580000)
  object space 472064K, 90% used [0x0000000080000000,0x0000000099fe23a0,0x000000009cd00000)
 Metaspace       used 81255K, committed 82944K, reserved 1179648K
  class space    used 8698K, committed 9408K, reserved 1048576K
}
Event: 2385.012 GC heap after
{Heap after GC invocations=426 (full 3):
 PSYoungGen      total 9216K, used 3981K [0x00000000d5580000, 0x00000000d6300000, 0x0000000100000000)
  eden space 4608K, 0% used [0x00000000d5580000,0x00000000d5580000,0x00000000d5a00000)
  from space 4608K, 86% used [0x00000000d5a00000,0x00000000d5de3560,0x00000000d5e80000)
  to   space 4096K, 0% used [0x00000000d5f00000,0x00000000d5f00000,0x00000000d6300000)
 ParOldGen       total 472064K, used 429784K [0x0000000080000000, 0x000000009cd00000, 0x00000000d5580000)
  object space 472064K, 91% used [0x0000000080000000,0x000000009a3b63d0,0x000000009cd00000)
 Metaspace       used 81255K, committed 82944K, reserved 1179648K
  class space    used 8698K, committed 9408K, reserved 1048576K
}
Event: 2385.039 GC heap before
{Heap before GC invocations=427 (full 3):
 PSYoungGen      total 9216K, used 8589K [0x00000000d5580000, 0x00000000d6300000, 0x0000000100000000)
  eden space 4608K, 100% used [0x00000000d5580000,0x00000000d5a00000,0x00000000d5a00000)
  from space 4608K, 86% used [0x00000000d5a00000,0x00000000d5de3560,0x00000000d5e80000)
  to   space 4096K, 0% used [0x00000000d5f00000,0x00000000d5f00000,0x00000000d6300000)
 ParOldGen       total 472064K, used 429784K [0x0000000080000000, 0x000000009cd00000, 0x00000000d5580000)
  object space 472064K, 91% used [0x0000000080000000,0x000000009a3b63d0,0x000000009cd00000)
 Metaspace       used 81266K, committed 82944K, reserved 1179648K
  class space    used 8700K, committed 9408K, reserved 1048576K
}
Event: 2385.064 GC heap after
{Heap after GC invocations=427 (full 3):
 PSYoungGen      total 9728K, used 3359K [0x00000000d5580000, 0x00000000d6300000, 0x0000000100000000)
  eden space 5632K, 0% used [0x00000000d5580000,0x00000000d5580000,0x00000000d5b00000)
  from space 4096K, 82% used [0x00000000d5f00000,0x00000000d6247f78,0x00000000d6300000)
  to   space 4096K, 0% used [0x00000000d5b00000,0x00000000d5b00000,0x00000000d5f00000)
 ParOldGen       total 472064K, used 433686K [0x0000000080000000, 0x000000009cd00000, 0x00000000d5580000)
  object space 472064K, 91% used [0x0000000080000000,0x000000009a785940,0x000000009cd00000)
 Metaspace       used 81266K, committed 82944K, reserved 1179648K
  class space    used 8700K, committed 9408K, reserved 1048576K
}
Event: 2385.172 GC heap before
{Heap before GC invocations=428 (full 3):
 PSYoungGen      total 9728K, used 8809K [0x00000000d5580000, 0x00000000d6300000, 0x0000000100000000)
  eden space 5632K, 96% used [0x00000000d5580000,0x00000000d5ad2738,0x00000000d5b00000)
  from space 4096K, 82% used [0x00000000d5f00000,0x00000000d6247f78,0x00000000d6300000)
  to   space 4096K, 0% used [0x00000000d5b00000,0x00000000d5b00000,0x00000000d5f00000)
 ParOldGen       total 472064K, used 433686K [0x0000000080000000, 0x000000009cd00000, 0x00000000d5580000)
  object space 472064K, 91% used [0x0000000080000000,0x000000009a785940,0x000000009cd00000)
 Metaspace       used 81383K, committed 83008K, reserved 1179648K
  class space    used 8714K, committed 9408K, reserved 1048576K
}
Event: 2385.193 GC heap after
{Heap after GC invocations=428 (full 3):
 PSYoungGen      total 9728K, used 3703K [0x00000000d5580000, 0x00000000d6480000, 0x0000000100000000)
  eden space 5632K, 0% used [0x00000000d5580000,0x00000000d5580000,0x00000000d5b00000)
  from space 4096K, 90% used [0x00000000d5b00000,0x00000000d5e9dc00,0x00000000d5f00000)
  to   space 4096K, 0% used [0x00000000d6080000,0x00000000d6080000,0x00000000d6480000)
 ParOldGen       total 472064K, used 436879K [0x0000000080000000, 0x000000009cd00000, 0x00000000d5580000)
  object space 472064K, 92% used [0x0000000080000000,0x000000009aaa3d30,0x000000009cd00000)
 Metaspace       used 81383K, committed 83008K, reserved 1179648K
  class space    used 8714K, committed 9408K, reserved 1048576K
}
Event: 2385.210 GC heap before
{Heap before GC invocations=429 (full 3):
 PSYoungGen      total 9728K, used 9335K [0x00000000d5580000, 0x00000000d6480000, 0x0000000100000000)
  eden space 5632K, 100% used [0x00000000d5580000,0x00000000d5b00000,0x00000000d5b00000)
  from space 4096K, 90% used [0x00000000d5b00000,0x00000000d5e9dc00,0x00000000d5f00000)
  to   space 4096K, 0% used [0x00000000d6080000,0x00000000d6080000,0x00000000d6480000)
 ParOldGen       total 472064K, used 436879K [0x0000000080000000, 0x000000009cd00000, 0x00000000d5580000)
  object space 472064K, 92% used [0x0000000080000000,0x000000009aaa3d30,0x000000009cd00000)
 Metaspace       used 81388K, committed 83136K, reserved 1179648K
  class space    used 8715K, committed 9472K, reserved 1048576K
}
Event: 2385.238 GC heap after
{Heap after GC invocations=429 (full 3):
 PSYoungGen      total 11264K, used 4018K [0x00000000d5580000, 0x00000000d6480000, 0x0000000100000000)
  eden space 7168K, 0% used [0x00000000d5580000,0x00000000d5580000,0x00000000d5c80000)
  from space 4096K, 98% used [0x00000000d6080000,0x00000000d646cae0,0x00000000d6480000)
  to   space 4096K, 0% used [0x00000000d5c80000,0x00000000d5c80000,0x00000000d6080000)
 ParOldGen       total 472064K, used 440439K [0x0000000080000000, 0x000000009cd00000, 0x00000000d5580000)
  object space 472064K, 93% used [0x0000000080000000,0x000000009ae1deb8,0x000000009cd00000)
 Metaspace       used 81388K, committed 83136K, reserved 1179648K
  class space    used 8715K, committed 9472K, reserved 1048576K
}
Event: 2385.257 GC heap before
{Heap before GC invocations=430 (full 3):
 PSYoungGen      total 11264K, used 11186K [0x00000000d5580000, 0x00000000d6480000, 0x0000000100000000)
  eden space 7168K, 100% used [0x00000000d5580000,0x00000000d5c80000,0x00000000d5c80000)
  from space 4096K, 98% used [0x00000000d6080000,0x00000000d646cae0,0x00000000d6480000)
  to   space 4096K, 0% used [0x00000000d5c80000,0x00000000d5c80000,0x00000000d6080000)
 ParOldGen       total 472064K, used 440439K [0x0000000080000000, 0x000000009cd00000, 0x00000000d5580000)
  object space 472064K, 93% used [0x0000000080000000,0x000000009ae1deb8,0x000000009cd00000)
 Metaspace       used 81408K, committed 83136K, reserved 1179648K
  class space    used 8715K, committed 9472K, reserved 1048576K
}
Event: 2385.298 GC heap after
{Heap after GC invocations=430 (full 3):
 PSYoungGen      total 11264K, used 4076K [0x00000000d5580000, 0x00000000d7200000, 0x0000000100000000)
  eden space 7168K, 0% used [0x00000000d5580000,0x00000000d5580000,0x00000000d5c80000)
  from space 4096K, 99% used [0x00000000d5c80000,0x00000000d607b280,0x00000000d6080000)
  to   space 10240K, 0% used [0x00000000d6800000,0x00000000d6800000,0x00000000d7200000)
 ParOldGen       total 472064K, used 445641K [0x0000000080000000, 0x000000009cd00000, 0x00000000d5580000)
  object space 472064K, 94% used [0x0000000080000000,0x000000009b332600,0x000000009cd00000)
 Metaspace       used 81408K, committed 83136K, reserved 1179648K
  class space    used 8715K, committed 9472K, reserved 1048576K
}
Event: 2385.367 GC heap before
{Heap before GC invocations=431 (full 3):
 PSYoungGen      total 11264K, used 11244K [0x00000000d5580000, 0x00000000d7200000, 0x0000000100000000)
  eden space 7168K, 100% used [0x00000000d5580000,0x00000000d5c80000,0x00000000d5c80000)
  from space 4096K, 99% used [0x00000000d5c80000,0x00000000d607b280,0x00000000d6080000)
  to   space 10240K, 0% used [0x00000000d6800000,0x00000000d6800000,0x00000000d7200000)
 ParOldGen       total 472064K, used 445641K [0x0000000080000000, 0x000000009cd00000, 0x00000000d5580000)
  object space 472064K, 94% used [0x0000000080000000,0x000000009b332600,0x000000009cd00000)
 Metaspace       used 81502K, committed 83200K, reserved 1179648K
  class space    used 8724K, committed 9472K, reserved 1048576K
}
Event: 2385.402 GC heap after
{Heap after GC invocations=431 (full 3):
 PSYoungGen      total 11776K, used 2629K [0x00000000d5580000, 0x00000000d6b00000, 0x0000000100000000)
  eden space 8704K, 0% used [0x00000000d5580000,0x00000000d5580000,0x00000000d5e00000)
  from space 3072K, 85% used [0x00000000d6800000,0x00000000d6a91738,0x00000000d6b00000)
  to   space 5120K, 0% used [0x00000000d6100000,0x00000000d6100000,0x00000000d6600000)
 ParOldGen       total 472064K, used 449145K [0x0000000080000000, 0x000000009cd00000, 0x00000000d5580000)
  object space 472064K, 95% used [0x0000000080000000,0x000000009b69e600,0x000000009cd00000)
 Metaspace       used 81502K, committed 83200K, reserved 1179648K
  class space    used 8724K, committed 9472K, reserved 1048576K
}
Event: 2385.647 GC heap before
{Heap before GC invocations=432 (full 3):
 PSYoungGen      total 11776K, used 11333K [0x00000000d5580000, 0x00000000d6b00000, 0x0000000100000000)
  eden space 8704K, 100% used [0x00000000d5580000,0x00000000d5e00000,0x00000000d5e00000)
  from space 3072K, 85% used [0x00000000d6800000,0x00000000d6a91738,0x00000000d6b00000)
  to   space 5120K, 0% used [0x00000000d6100000,0x00000000d6100000,0x00000000d6600000)
 ParOldGen       total 472064K, used 449145K [0x0000000080000000, 0x000000009cd00000, 0x00000000d5580000)
  object space 472064K, 95% used [0x0000000080000000,0x000000009b69e600,0x000000009cd00000)
 Metaspace       used 81761K, committed 83392K, reserved 1179648K
  class space    used 8747K, committed 9472K, reserved 1048576K
}
Event: 2385.664 GC heap after
{Heap after GC invocations=432 (full 3):
 PSYoungGen      total 15872K, used 1044K [0x00000000d5580000, 0x00000000d6880000, 0x0000000100000000)
  eden space 10752K, 0% used [0x00000000d5580000,0x00000000d5580000,0x00000000d6000000)
  from space 5120K, 20% used [0x00000000d6100000,0x00000000d6205240,0x00000000d6600000)
  to   space 2048K, 0% used [0x00000000d6680000,0x00000000d6680000,0x00000000d6880000)
 ParOldGen       total 472064K, used 451066K [0x0000000080000000, 0x000000009cd00000, 0x00000000d5580000)
  object space 472064K, 95% used [0x0000000080000000,0x000000009b87ead0,0x000000009cd00000)
 Metaspace       used 81761K, committed 83392K, reserved 1179648K
  class space    used 8747K, committed 9472K, reserved 1048576K
}
Event: 2386.049 GC heap before
{Heap before GC invocations=433 (full 3):
 PSYoungGen      total 15872K, used 11796K [0x00000000d5580000, 0x00000000d6880000, 0x0000000100000000)
  eden space 10752K, 100% used [0x00000000d5580000,0x00000000d6000000,0x00000000d6000000)
  from space 5120K, 20% used [0x00000000d6100000,0x00000000d6205240,0x00000000d6600000)
  to   space 2048K, 0% used [0x00000000d6680000,0x00000000d6680000,0x00000000d6880000)
 ParOldGen       total 483840K, used 474106K [0x0000000080000000, 0x000000009d880000, 0x00000000d5580000)
  object space 483840K, 97% used [0x0000000080000000,0x000000009cefeaf0,0x000000009d880000)
 Metaspace       used 81808K, committed 83456K, reserved 1179648K
  class space    used 8750K, committed 9472K, reserved 1048576K
}
Event: 2386.052 GC heap after
{Heap after GC invocations=433 (full 3):
 PSYoungGen      total 13824K, used 448K [0x00000000d5580000, 0x00000000d6700000, 0x0000000100000000)
  eden space 13312K, 0% used [0x00000000d5580000,0x00000000d5580000,0x00000000d6280000)
  from space 512K, 87% used [0x00000000d6680000,0x00000000d66f0000,0x00000000d6700000)
  to   space 1024K, 0% used [0x00000000d6500000,0x00000000d6500000,0x00000000d6600000)
 ParOldGen       total 483840K, used 475011K [0x0000000080000000, 0x000000009d880000, 0x00000000d5580000)
  object space 483840K, 98% used [0x0000000080000000,0x000000009cfe0e70,0x000000009d880000)
 Metaspace       used 81808K, committed 83456K, reserved 1179648K
  class space    used 8750K, committed 9472K, reserved 1048576K
}

